0 info it worked if it ends with ok
1 verbose cli [ '/usr/local/bin/node', '/usr/local/bin/npm', 'run', 'test' ]
2 info using npm@1.3.24
3 info using node@v0.10.25
4 verbose run-script [ 'pretest', 'test', 'posttest' ]
5 info pretest grapher-palette@0.0.1
6 info test grapher-palette@0.0.1
7 verbose unsafe-perm in lifecycle true
8 info grapher-palette@0.0.1 Failed to exec test script
9 error grapher-palette@0.0.1 test: `npm run grapher.js && grunt jasmine`
9 error Exit status 3
10 error Failed at the grapher-palette@0.0.1 test script.
10 error This is most likely a problem with the grapher-palette package,
10 error not with npm itself.
10 error Tell the author that this fails on your system:
10 error     npm run grapher.js && grunt jasmine
10 error You can get their info via:
10 error     npm owner ls grapher-palette
10 error There is likely additional logging output above.
11 error System Darwin 13.4.0
12 error command "/usr/local/bin/node" "/usr/local/bin/npm" "run" "test"
13 error cwd /Users/CZhang/Documents/ayasdi/grapher-palette
14 error node -v v0.10.25
15 error npm -v 1.3.24
16 error code ELIFECYCLE
17 verbose exit [ 1, true ]
